<?xml version="1.0" encoding="UTF-8"?>
<beans xmlns="http://www.springframework.org/schema/beans"
	xmlns:xsi="http://www.w3.org/2001/XMLSchema-instance" xmlns:context="http://www.springframework.org/schema/context"
	xmlns:aop="http://www.springframework.org/schema/aop"
	xsi:schemaLocation="
		http://www.springframework.org/schema/beans 
		http://www.springframework.org/schema/beans/spring-beans-3.1.xsd
		http://www.springframework.org/schema/context
        http://www.springframework.org/schema/context/spring-context-3.1.xsd">

	<!-- Scans for application to deploy -->
	<context:component-scan base-package="com.google.code.yourpresenter.selenium" />

	<!-- http://forum.springsource.org/showthread.php?98086-Spring-Injection-in-javax.servlet.Filter -->
	<context:annotation-config />

	<bean id="restTemplate" class="org.springframework.web.client.RestTemplate">
<!-- 		<property name="messageConverters">
			<list>
				<bean
					class="org.springframework.http.converter.json.MappingJacksonHttpMessageConverter" />
			</list>
		</property> -->
	</bean>
</beans>